========= BP-SEC-SIM =========
Branch Predictor (without RSB refilling)
bp_type: PHT
strong transient: 4
bp_type: BTB (ind)
strong transient: 6
bp_type: BTB (call)
strong transient: 4
bp_type: BTB (ret)
strong transient: 4
bp_type: RSB
strong transient: 2
==============================
Branch Predictor (with RSB refilling)
bp_type: PHT
strong transient: 4
bp_type: BTB (ind)
strong transient: 6
bp_type: BTB (call)
strong transient: 4
bp_type: BTB (ret)
strong transient: 4
bp_type: RSB
strong transient: 1
== DONE!: BP-SEC-SIM (exp3) ==


